Traceback (most recent call last):
  File "/Users/canvas/shell/python3/main_upimg.py", line 3, in <module>
    from sanic import Sanic
ModuleNotFoundError: No module named 'sanic'
[2018-07-20 13:03:04 +0800] [8168] [INFO] Goin' Fast @ http://127.0.0.1:7000
[2018-07-20 13:03:04 +0800] [8168] [INFO] Starting worker [8168]
[master 7edf92f] Added some imgs
 1 file changed, 0 insertions(+), 0 deletions(-)
 create mode 100644 Images/b8/847de187a667d431036df4a77966d9.jpg
To https://github.com/athlonreg/BlogImages.git
   d9c3f59..7edf92f  master -> master
ffd8ffe000104a464946
[2018-07-20 13:03:51 +0800] - (sanic.access)[INFO][1:2]: POST http://127.0.0.1:7000/upimg  200 71
[2018-07-20 13:03:56 +0800] [8168] [INFO] KeepAlive Timeout. Closing connection.
[master 8c7e55a] Added some imgs
 1 file changed, 0 insertions(+), 0 deletions(-)
 create mode 100644 Images/25/b5aa43f4a1a170328a5d9af626d004.jpg
To https://github.com/athlonreg/BlogImages.git
   7edf92f..8c7e55a  master -> master
ffd8ffe000104a464946
[2018-07-20 13:08:29 +0800] - (sanic.access)[INFO][1:2]: POST http://127.0.0.1:7000/upimg  200 71
[2018-07-20 13:08:34 +0800] [8168] [INFO] KeepAlive Timeout. Closing connection.
[2018-07-20 13:26:46 +0800] [8168] [INFO] Stopping worker [8168]
[2018-07-20 13:26:46 +0800] [8168] [INFO] Server Stopped
[2018-08-31 14:24:47 +0800] [7569] [INFO] Goin' Fast @ http://127.0.0.1:7000
[2018-08-31 14:24:47 +0800] [7569] [INFO] Starting worker [7569]
[master 04180ac] Added some imgs
 1 file changed, 0 insertions(+), 0 deletions(-)
 create mode 100644 Images/c2/85f52f71b24ae13db848eea21a1f75.jpg
To https://github.com/athlonreg/BlogImages.git
   e7ef637..04180ac  master -> master
ffd8ffe000104a464946
[2018-08-31 14:25:00 +0800] - (sanic.access)[INFO][1:2]: POST http://127.0.0.1:7000/upimg  200 71
[2018-08-31 14:25:05 +0800] [7569] [INFO] KeepAlive Timeout. Closing connection.
[2018-08-31 18:11:16 +0800] [7569] [INFO] Stopping worker [7569]
[2018-08-31 18:11:16 +0800] [7569] [INFO] Server Stopped
[2018-10-19 21:56:34 +0800] [69761] [INFO] Goin' Fast @ http://127.0.0.1:7000
[2018-10-19 21:56:34 +0800] [69761] [INFO] Starting worker [69761]
[master d114bc0] Added some imgs
 1 file changed, 0 insertions(+), 0 deletions(-)
 create mode 100644 Images/14/519a03d59c7bc4ff363f66a8620736.jpg
To https://github.com/athlonreg/BlogImages.git
   c28c64d..d114bc0  master -> master
ffd8ffe000104a464946
[2018-10-19 21:56:48 +0800] - (sanic.access)[INFO][1:2]: POST http://127.0.0.1:7000/upimg  200 71
[2018-10-19 21:56:53 +0800] [69761] [INFO] KeepAlive Timeout. Closing connection.
[master 85986cf] Added some imgs
 1 file changed, 0 insertions(+), 0 deletions(-)
 create mode 100644 Images/fd/d041b10136a8aea22008556cba508a.jpg
To https://github.com/athlonreg/BlogImages.git
   d114bc0..85986cf  master -> master
ffd8ffe000104a464946
[2018-10-19 21:58:06 +0800] - (sanic.access)[INFO][1:2]: POST http://127.0.0.1:7000/upimg  200 71
[2018-10-19 21:58:11 +0800] [69761] [INFO] KeepAlive Timeout. Closing connection.
[master 949db5c] Added some imgs
 1 file changed, 0 insertions(+), 0 deletions(-)
 create mode 100644 Images/e2/0e95d3345f60b59bffdf377e55fc3b.jpg
To https://github.com/athlonreg/BlogImages.git
   85986cf..949db5c  master -> master
ffd8ffe000104a464946
[2018-10-19 22:32:32 +0800] - (sanic.access)[INFO][1:2]: POST http://127.0.0.1:7000/upimg  200 71
[2018-10-19 22:32:37 +0800] [69761] [INFO] KeepAlive Timeout. Closing connection.
[master f3c4f77] Added some imgs
 1 file changed, 0 insertions(+), 0 deletions(-)
 create mode 100644 Images/9d/7665bed17aac0eb86d2c6f0b7c0648.jpg
fatal: unable to access 'https://athlonreg@github.com/athlonreg/BlogImages.git/': Operation timed out after 300030 milliseconds with 0 out of 0 bytes received
ffd8ffe000104a464946
[2018-10-19 22:40:56 +0800] - (sanic.access)[INFO][1:2]: POST http://127.0.0.1:7000/upimg  200 71
[master cdd1d93] Added some imgs
 1 file changed, 0 insertions(+), 0 deletions(-)
 create mode 100644 Images/b1/ec7e895f8d3cd6b7591d830af995a3.jpg
To https://github.com/athlonreg/BlogImages.git
   949db5c..cdd1d93  master -> master
ffd8ffe000104a464946
[2018-10-19 22:50:29 +0800] - (sanic.access)[INFO][1:2]: POST http://127.0.0.1:7000/upimg  200 71
[2018-10-19 23:02:00 +0800] [69761] [INFO] Stopping worker [69761]
[2018-10-19 23:02:00 +0800] [69761] [INFO] Server Stopped
[2018-11-24 21:01:26 +0800] [94088] [INFO] Goin' Fast @ http://127.0.0.1:7000
[2018-11-24 21:01:26 +0800] [94088] [INFO] Starting worker [94088]
[master 54baac5] Added some imgs
 1 file changed, 0 insertions(+), 0 deletions(-)
 create mode 100644 Images/91/6097314bc496dd2404ecc7ccac8a28.jpg
To https://github.com/athlonreg/BlogImages.git
   9f32864..54baac5  master -> master
ffd8ffe000104a464946
[2018-11-24 21:01:50 +0800] - (sanic.access)[INFO][1:2]: POST http://127.0.0.1:7000/upimg  200 71
[2018-11-24 21:01:55 +0800] [94088] [INFO] KeepAlive Timeout. Closing connection.
[master a6dc21c] Added some imgs
 1 file changed, 0 insertions(+), 0 deletions(-)
 create mode 100644 Images/42/20e1a20a856b8d98083544240e949b.jpg
To https://github.com/athlonreg/BlogImages.git
   54baac5..a6dc21c  master -> master
ffd8ffe000104a464946
[2018-11-24 21:28:16 +0800] - (sanic.access)[INFO][1:2]: POST http://127.0.0.1:7000/upimg  200 71
[2018-11-24 21:28:21 +0800] [94088] [INFO] KeepAlive Timeout. Closing connection.
[master 6593f0b] Added some imgs
 1 file changed, 0 insertions(+), 0 deletions(-)
 create mode 100644 Images/b7/bfb043dc833a972751ad396ccc63c5.jpg
To https://github.com/athlonreg/BlogImages.git
   a6dc21c..6593f0b  master -> master
ffd8ffe000104a464946
[2018-11-24 21:31:24 +0800] - (sanic.access)[INFO][1:2]: POST http://127.0.0.1:7000/upimg  200 71
[2018-11-24 21:31:29 +0800] [94088] [INFO] KeepAlive Timeout. Closing connection.
[master 884b340] Added some imgs
 1 file changed, 0 insertions(+), 0 deletions(-)
 create mode 100644 Images/41/4c9e1c4a3a9632ffd3475df7798005.jpg
To https://github.com/athlonreg/BlogImages.git
   6593f0b..884b340  master -> master
ffd8ffe000104a464946
[2018-11-24 21:34:44 +0800] - (sanic.access)[INFO][1:2]: POST http://127.0.0.1:7000/upimg  200 71
[2018-11-24 21:34:49 +0800] [94088] [INFO] KeepAlive Timeout. Closing connection.
[master 804bf18] Added some imgs
 1 file changed, 0 insertions(+), 0 deletions(-)
 create mode 100644 Images/b1/603980e19d03912f2c01b3a7c94b80.jpg
To https://github.com/athlonreg/BlogImages.git
   884b340..804bf18  master -> master
ffd8ffe000104a464946
[2018-11-24 21:53:43 +0800] - (sanic.access)[INFO][1:2]: POST http://127.0.0.1:7000/upimg  200 71
[2018-11-24 21:53:48 +0800] [94088] [INFO] KeepAlive Timeout. Closing connection.
[master b3c9aee] Added some imgs
 1 file changed, 0 insertions(+), 0 deletions(-)
 create mode 100644 Images/66/574e93fdcc2b8ab686a46ec772627d.jpg
To https://github.com/athlonreg/BlogImages.git
   804bf18..b3c9aee  master -> master
ffd8ffe000104a464946
[2018-11-24 21:58:09 +0800] - (sanic.access)[INFO][1:2]: POST http://127.0.0.1:7000/upimg  200 71
[2018-11-24 21:58:14 +0800] [94088] [INFO] KeepAlive Timeout. Closing connection.
[master 5f7cf6a] Added some imgs
 1 file changed, 0 insertions(+), 0 deletions(-)
 create mode 100644 Images/2b/cca4a5df53dd47b94e73664bdc8ff3.jpg
To https://github.com/athlonreg/BlogImages.git
   b3c9aee..5f7cf6a  master -> master
ffd8ffe000104a464946
[2018-11-24 22:02:59 +0800] - (sanic.access)[INFO][1:2]: POST http://127.0.0.1:7000/upimg  200 71
[2018-11-24 22:03:04 +0800] [94088] [INFO] KeepAlive Timeout. Closing connection.
[master abb84ff] Added some imgs
 1 file changed, 0 insertions(+), 0 deletions(-)
 create mode 100644 Images/f5/c1a598cd7ecd0a96df200f38659aec.jpg
To https://github.com/athlonreg/BlogImages.git
   5f7cf6a..abb84ff  master -> master
ffd8ffe000104a464946
[2018-11-24 22:09:11 +0800] - (sanic.access)[INFO][1:2]: POST http://127.0.0.1:7000/upimg  200 71
[2018-11-24 22:09:16 +0800] [94088] [INFO] KeepAlive Timeout. Closing connection.
[master 6746203] Added some imgs
 1 file changed, 0 insertions(+), 0 deletions(-)
 create mode 100644 Images/ae/c40e776bfcecf0ca8b48c4e9582dbc.jpg
To https://github.com/athlonreg/BlogImages.git
   abb84ff..6746203  master -> master
ffd8ffe000104a464946
[2018-11-24 22:10:23 +0800] - (sanic.access)[INFO][1:2]: POST http://127.0.0.1:7000/upimg  200 71
[2018-11-24 22:10:28 +0800] [94088] [INFO] KeepAlive Timeout. Closing connection.
[master 2a15d3b] Added some imgs
 1 file changed, 0 insertions(+), 0 deletions(-)
 create mode 100644 Images/13/f1a8df13c6ee93210a970833c5059a.jpg
To https://github.com/athlonreg/BlogImages.git
   6746203..2a15d3b  master -> master
ffd8ffe000104a464946
[2018-11-24 22:14:36 +0800] - (sanic.access)[INFO][1:2]: POST http://127.0.0.1:7000/upimg  200 71
[2018-11-24 22:14:41 +0800] [94088] [INFO] KeepAlive Timeout. Closing connection.
[master 462a37c] Added some imgs
 1 file changed, 0 insertions(+), 0 deletions(-)
 create mode 100644 Images/1c/02ad1e703c7187295361dbff3fad9c.jpg
To https://github.com/athlonreg/BlogImages.git
   2a15d3b..462a37c  master -> master
ffd8ffe000104a464946
[2018-11-24 22:19:26 +0800] - (sanic.access)[INFO][1:2]: POST http://127.0.0.1:7000/upimg  200 71
[2018-11-24 22:19:31 +0800] [94088] [INFO] KeepAlive Timeout. Closing connection.
[master c431ac2] Added some imgs
 1 file changed, 0 insertions(+), 0 deletions(-)
 create mode 100644 Images/75/c5c970bd59e02ac7434f217a5f27a6.jpg
To https://github.com/athlonreg/BlogImages.git
   462a37c..c431ac2  master -> master
ffd8ffe000104a464946
[2018-11-24 22:22:09 +0800] - (sanic.access)[INFO][1:2]: POST http://127.0.0.1:7000/upimg  200 71
[2018-11-24 22:22:14 +0800] [94088] [INFO] KeepAlive Timeout. Closing connection.
[master ddf96cc] Added some imgs
 1 file changed, 0 insertions(+), 0 deletions(-)
 create mode 100644 Images/de/9a4502a39d572493b8ae8d723a08ef.jpg
To https://github.com/athlonreg/BlogImages.git
   c431ac2..ddf96cc  master -> master
ffd8ffe000104a464946
[2018-11-24 22:27:35 +0800] - (sanic.access)[INFO][1:2]: POST http://127.0.0.1:7000/upimg  200 71
[2018-11-24 22:27:40 +0800] [94088] [INFO] KeepAlive Timeout. Closing connection.
[master d3e2f8b] Added some imgs
 1 file changed, 0 insertions(+), 0 deletions(-)
 create mode 100644 Images/d1/46842e7f601199c0f78da4d97d30ad.jpg
To https://github.com/athlonreg/BlogImages.git
   ddf96cc..d3e2f8b  master -> master
ffd8ffe000104a464946
[2018-11-24 22:35:50 +0800] - (sanic.access)[INFO][1:2]: POST http://127.0.0.1:7000/upimg  200 71
[2018-11-24 22:35:55 +0800] [94088] [INFO] KeepAlive Timeout. Closing connection.
[master 67812f1] Added some imgs
 1 file changed, 0 insertions(+), 0 deletions(-)
 create mode 100644 Images/d5/aaa70f4f22ad6ee40fa74bf027bd4b.jpg
To https://github.com/athlonreg/BlogImages.git
   d3e2f8b..67812f1  master -> master
ffd8ffe000104a464946
[2018-11-24 22:44:54 +0800] - (sanic.access)[INFO][1:2]: POST http://127.0.0.1:7000/upimg  200 71
[2018-11-24 22:44:59 +0800] [94088] [INFO] KeepAlive Timeout. Closing connection.
[master d06f82b] Added some imgs
 1 file changed, 0 insertions(+), 0 deletions(-)
 create mode 100644 Images/f2/308f5dc1de191625e6087c1d040824.jpg
To https://github.com/athlonreg/BlogImages.git
   67812f1..d06f82b  master -> master
ffd8ffe000104a464946
[2018-11-24 23:33:18 +0800] - (sanic.access)[INFO][1:2]: POST http://127.0.0.1:7000/upimg  200 71
[2018-11-24 23:33:23 +0800] [94088] [INFO] KeepAlive Timeout. Closing connection.
On branch master
Your branch is up to date with 'origin/master'.

nothing to commit, working tree clean
ffd8ffe000104a464946
[2018-11-24 23:34:37 +0800] - (sanic.access)[INFO][1:2]: POST http://127.0.0.1:7000/upimg  200 71
[2018-11-24 23:34:42 +0800] [94088] [INFO] KeepAlive Timeout. Closing connection.
[master 38f2ce5] Added some imgs
 1 file changed, 0 insertions(+), 0 deletions(-)
 create mode 100644 Images/0e/e69bb807212cc32a80cb28c4b927e1.jpg
To https://github.com/athlonreg/BlogImages.git
   d06f82b..38f2ce5  master -> master
ffd8ffe000104a464946
[2018-11-24 23:35:54 +0800] - (sanic.access)[INFO][1:2]: POST http://127.0.0.1:7000/upimg  200 71
[2018-11-24 23:35:59 +0800] [94088] [INFO] KeepAlive Timeout. Closing connection.
[master ac1308d] Added some imgs
 1 file changed, 0 insertions(+), 0 deletions(-)
 create mode 100644 Images/01/ab9d40ac8d216e3e2b99a287082fa7.jpg
To https://github.com/athlonreg/BlogImages.git
   38f2ce5..ac1308d  master -> master
ffd8ffe000104a464946
[2018-11-24 23:36:14 +0800] - (sanic.access)[INFO][1:2]: POST http://127.0.0.1:7000/upimg  200 71
[2018-11-24 23:36:19 +0800] [94088] [INFO] KeepAlive Timeout. Closing connection.
[master adb1604] Added some imgs
 1 file changed, 0 insertions(+), 0 deletions(-)
 create mode 100644 Images/ab/4d2d39077404bd2523f8d1bc43e99e.jpg
To https://github.com/athlonreg/BlogImages.git
   ac1308d..adb1604  master -> master
ffd8ffe000104a464946
[2018-11-24 23:36:45 +0800] - (sanic.access)[INFO][1:2]: POST http://127.0.0.1:7000/upimg  200 71
[2018-11-24 23:36:50 +0800] [94088] [INFO] KeepAlive Timeout. Closing connection.
[master 9b5a0a2] Added some imgs
 1 file changed, 0 insertions(+), 0 deletions(-)
 create mode 100644 Images/49/fbd6ae504e94e524bf387ce5f47ca8.jpg
To https://github.com/athlonreg/BlogImages.git
   adb1604..9b5a0a2  master -> master
ffd8ffe000104a464946
[2018-11-24 23:37:04 +0800] - (sanic.access)[INFO][1:2]: POST http://127.0.0.1:7000/upimg  200 71
[2018-11-24 23:37:09 +0800] [94088] [INFO] KeepAlive Timeout. Closing connection.
[master 40f5a91] Added some imgs
 1 file changed, 0 insertions(+), 0 deletions(-)
 create mode 100644 Images/95/02c3c8d4bbe51af7907fa5528b27d2.jpg
To https://github.com/athlonreg/BlogImages.git
   9b5a0a2..40f5a91  master -> master
ffd8ffe000104a464946
[2018-11-24 23:37:33 +0800] - (sanic.access)[INFO][1:2]: POST http://127.0.0.1:7000/upimg  200 71
[2018-11-24 23:37:38 +0800] [94088] [INFO] KeepAlive Timeout. Closing connection.
[master e64b007] Added some imgs
 1 file changed, 0 insertions(+), 0 deletions(-)
 create mode 100644 Images/83/be8ffa5abc2c4f6e9716cce76995c4.jpg
To https://github.com/athlonreg/BlogImages.git
   40f5a91..e64b007  master -> master
ffd8ffe000104a464946
[2018-11-24 23:38:02 +0800] - (sanic.access)[INFO][1:2]: POST http://127.0.0.1:7000/upimg  200 71
[2018-11-24 23:38:07 +0800] [94088] [INFO] KeepAlive Timeout. Closing connection.
[master eb2c17d] Added some imgs
 1 file changed, 0 insertions(+), 0 deletions(-)
 create mode 100644 Images/bb/a0d37d759e39c2083501ceabd01f93.jpg
To https://github.com/athlonreg/BlogImages.git
   e64b007..eb2c17d  master -> master
ffd8ffe000104a464946
[2018-11-24 23:40:11 +0800] - (sanic.access)[INFO][1:2]: POST http://127.0.0.1:7000/upimg  200 71
[2018-11-24 23:40:16 +0800] [94088] [INFO] KeepAlive Timeout. Closing connection.
[master 8d7ac53] Added some imgs
 1 file changed, 0 insertions(+), 0 deletions(-)
 create mode 100644 Images/b1/37a7d0917f734a31797b8665db89cb.jpg
To https://github.com/athlonreg/BlogImages.git
   eb2c17d..8d7ac53  master -> master
ffd8ffe000104a464946
[2018-11-24 23:40:29 +0800] - (sanic.access)[INFO][1:2]: POST http://127.0.0.1:7000/upimg  200 71
[2018-11-24 23:40:34 +0800] [94088] [INFO] KeepAlive Timeout. Closing connection.
[master 0f3520d] Added some imgs
 1 file changed, 0 insertions(+), 0 deletions(-)
 create mode 100644 Images/e7/8a989532254213ac72efc235676a2a.jpg
To https://github.com/athlonreg/BlogImages.git
   8d7ac53..0f3520d  master -> master
ffd8ffe000104a464946
[2018-11-24 23:41:00 +0800] - (sanic.access)[INFO][1:2]: POST http://127.0.0.1:7000/upimg  200 71
[2018-11-24 23:41:05 +0800] [94088] [INFO] KeepAlive Timeout. Closing connection.
[master b928ebf] Added some imgs
 1 file changed, 0 insertions(+), 0 deletions(-)
 create mode 100644 Images/2e/ebca96c81bd780e9b90d9bdbd3415a.jpg
To https://github.com/athlonreg/BlogImages.git
   0f3520d..b928ebf  master -> master
ffd8ffe000104a464946
[2018-11-24 23:41:27 +0800] - (sanic.access)[INFO][1:2]: POST http://127.0.0.1:7000/upimg  200 71
[2018-11-24 23:41:32 +0800] [94088] [INFO] KeepAlive Timeout. Closing connection.
[master 688c29b] Added some imgs
 1 file changed, 0 insertions(+), 0 deletions(-)
 create mode 100644 Images/ad/efa5b21a037c6d450c03c1a0507ea0.jpg
To https://github.com/athlonreg/BlogImages.git
   b928ebf..688c29b  master -> master
ffd8ffe000104a464946
[2018-11-24 23:43:07 +0800] - (sanic.access)[INFO][1:2]: POST http://127.0.0.1:7000/upimg  200 71
[2018-11-24 23:43:12 +0800] [94088] [INFO] KeepAlive Timeout. Closing connection.
[master 88b9509] Added some imgs
 1 file changed, 0 insertions(+), 0 deletions(-)
 create mode 100644 Images/89/2e8366b3accc1248a4043079a958a3.jpg
To https://github.com/athlonreg/BlogImages.git
   688c29b..88b9509  master -> master
ffd8ffe000104a464946
[2018-11-25 11:37:50 +0800] - (sanic.access)[INFO][1:2]: POST http://127.0.0.1:7000/upimg  200 71
[2018-11-25 11:37:55 +0800] [94088] [INFO] KeepAlive Timeout. Closing connection.
[master fd8ea4c] Added some imgs
 1 file changed, 0 insertions(+), 0 deletions(-)
 create mode 100644 Images/c3/cf45af8f7ab6b3aa80267f95cb6a42.jpg
To https://github.com/athlonreg/BlogImages.git
   88b9509..fd8ea4c  master -> master
ffd8ffe000104a464946
[2018-11-25 11:38:26 +0800] - (sanic.access)[INFO][1:2]: POST http://127.0.0.1:7000/upimg  200 71
[2018-11-25 11:38:31 +0800] [94088] [INFO] KeepAlive Timeout. Closing connection.
[master 0119cf3] Added some imgs
 1 file changed, 0 insertions(+), 0 deletions(-)
 create mode 100644 Images/48/9f8dc131728eda81cd522d5db954d4.jpg
To https://github.com/athlonreg/BlogImages.git
   fd8ea4c..0119cf3  master -> master
ffd8ffe000104a464946
[2018-11-25 11:39:19 +0800] - (sanic.access)[INFO][1:2]: POST http://127.0.0.1:7000/upimg  200 71
[2018-11-25 11:39:24 +0800] [94088] [INFO] KeepAlive Timeout. Closing connection.
[master b2b75cb] Added some imgs
 1 file changed, 0 insertions(+), 0 deletions(-)
 create mode 100644 Images/08/3ae2f42f09aaee0b022ca1e9417ba1.jpg
To https://github.com/athlonreg/BlogImages.git
   0119cf3..b2b75cb  master -> master
ffd8ffe000104a464946
[2018-11-25 11:44:09 +0800] - (sanic.access)[INFO][1:2]: POST http://127.0.0.1:7000/upimg  200 71
[2018-11-25 11:44:14 +0800] [94088] [INFO] KeepAlive Timeout. Closing connection.
[master cecee41] Added some imgs
 1 file changed, 0 insertions(+), 0 deletions(-)
 create mode 100644 Images/12/d782ef026127039c48173727402ae1.jpg
To https://github.com/athlonreg/BlogImages.git
   b2b75cb..cecee41  master -> master
ffd8ffe000104a464946
[2018-11-25 11:46:40 +0800] - (sanic.access)[INFO][1:2]: POST http://127.0.0.1:7000/upimg  200 71
[2018-11-25 11:46:45 +0800] [94088] [INFO] KeepAlive Timeout. Closing connection.
[master 0271afe] Added some imgs
 1 file changed, 0 insertions(+), 0 deletions(-)
 create mode 100644 Images/b4/8238cc5d14bd32906fb1bf4d2fb726.jpg
To https://github.com/athlonreg/BlogImages.git
   cecee41..0271afe  master -> master
ffd8ffe000104a464946
[2018-11-25 11:49:14 +0800] - (sanic.access)[INFO][1:2]: POST http://127.0.0.1:7000/upimg  200 71
[2018-11-25 11:49:19 +0800] [94088] [INFO] KeepAlive Timeout. Closing connection.
[master a3b9355] Added some imgs
 1 file changed, 0 insertions(+), 0 deletions(-)
 create mode 100644 Images/6d/33932a9dccd444922051239295a40e.jpg
To https://github.com/athlonreg/BlogImages.git
   0271afe..a3b9355  master -> master
ffd8ffe000104a464946
[2018-11-25 11:50:27 +0800] - (sanic.access)[INFO][1:2]: POST http://127.0.0.1:7000/upimg  200 71
[2018-11-25 11:50:32 +0800] [94088] [INFO] KeepAlive Timeout. Closing connection.
[master c9bdd72] Added some imgs
 1 file changed, 0 insertions(+), 0 deletions(-)
 create mode 100644 Images/d4/6463c41c237e134ade8219c099db8e.jpg
To https://github.com/athlonreg/BlogImages.git
   a3b9355..c9bdd72  master -> master
ffd8ffe000104a464946
[2018-11-25 18:00:25 +0800] - (sanic.access)[INFO][1:2]: POST http://127.0.0.1:7000/upimg  200 71
[2018-11-25 18:00:30 +0800] [94088] [INFO] KeepAlive Timeout. Closing connection.
[master cf668c7] Added some imgs
 1 file changed, 0 insertions(+), 0 deletions(-)
 create mode 100644 Images/a4/ef69a4b5a7ca6de17e5744064ba11d.jpg
To https://github.com/athlonreg/BlogImages.git
   c9bdd72..cf668c7  master -> master
ffd8ffe000104a464946
[2018-11-25 18:05:22 +0800] - (sanic.access)[INFO][1:2]: POST http://127.0.0.1:7000/upimg  200 71
[2018-11-25 18:05:27 +0800] [94088] [INFO] KeepAlive Timeout. Closing connection.
